{
  "stats": {
    "suites": 1,
    "tests": 1,
    "passes": 0,
    "pending": 0,
    "failures": 1,
    "start": "2024-01-10T16:39:19.744Z",
    "end": "2024-01-10T16:39:20.286Z",
    "duration": 542,
    "testsRegistered": 1,
    "passPercent": 0,
    "pendingPercent": 0,
    "other": 0,
    "hasOther": false,
    "skipped": 0,
    "hasSkipped": false
  },
  "results": [
    {
      "uuid": "4b263ed2-228d-4903-a10e-0fa17e82926a",
      "title": "",
      "fullFile": "cypress\\tests\\integration\\state\\features\\state.feature",
      "file": "cypress\\tests\\integration\\state\\features\\state.feature",
      "beforeHooks": [],
      "afterHooks": [],
      "tests": [],
      "suites": [
        {
          "uuid": "d3ef709f-e38a-4a34-bdee-ed85979c40d4",
          "title": "State endpoint tests",
          "fullFile": "",
          "file": "",
          "beforeHooks": [],
          "afterHooks": [],
          "tests": [
            {
              "title": "GET to /states should return all states",
              "fullTitle": "State endpoint tests GET to /states should return all states",
              "timedOut": null,
              "duration": 421,
              "state": "failed",
              "speed": null,
              "pass": false,
              "fail": true,
              "pending": false,
              "context": null,
              "code": "var _a, _b, _c, _d, _e;\nconst { remainingSteps, testCaseStartedId } = retrieveInternalSpecProperties();\ntaskTestCaseStarted(context, {\n    id: testCaseStartedId,\n    testCaseId,\n    attempt: attempt++,\n    timestamp: (0, messages_1.createTimestamp)(),\n});\nwindow.testState = {\n    gherkinDocument,\n    pickles,\n    pickle,\n};\nfor (const step of steps) {\n    if (step.hook) {\n        const hook = step.hook;\n        const testStepId = getTestStepId({\n            context,\n            pickleId: pickle.id,\n            hookIdOrPickleStepId: hook.id,\n        });\n        cy.then(() => {\n            delete window.testState.pickleStep;\n            const start = (0, messages_1.createTimestamp)();\n            internalProperties.currentStepStartedAt = start;\n            taskTestStepStarted(context, {\n                testStepId,\n                testCaseStartedId,\n                timestamp: start,\n            });\n            return cy.wrap(start, { log: false });\n        })\n            .then((start) => {\n            (0, cypress_1.runStepWithLogGroup)({\n                fn: () => registry.runHook(this, hook),\n                keyword: hook.keyword,\n                text: hook.tags,\n            });\n            return cy.wrap(start, { log: false });\n        })\n            .then((start) => {\n            const end = (0, messages_1.createTimestamp)();\n            taskTestStepFinished(context, {\n                testStepId,\n                testCaseStartedId,\n                testStepResult: {\n                    status: messages.TestStepResultStatus.PASSED,\n                    duration: (0, messages_1.duration)(start, end),\n                },\n                timestamp: end,\n            });\n            remainingSteps.shift();\n        });\n    }\n    else if (step.pickleStep) {\n        const pickleStep = step.pickleStep;\n        const testStepId = getTestStepId({\n            context,\n            pickleId: pickle.id,\n            hookIdOrPickleStepId: pickleStep.id,\n        });\n        const text = (0, assertions_1.assertAndReturn)(pickleStep.text, \"Expected pickle step to have a text\");\n        const scenarioStep = (0, assertions_1.assertAndReturn)(context.astIdsMap.get((0, assertions_1.assertAndReturn)((_a = pickleStep.astNodeIds) === null || _a === void 0 ? void 0 : _a[0], \"Expected to find at least one astNodeId\")), `Expected to find scenario step associated with id = ${(_b = pickleStep.astNodeIds) === null || _b === void 0 ? void 0 : _b[0]}`);\n        const argument = ((_c = pickleStep.argument) === null || _c === void 0 ? void 0 : _c.dataTable)\n            ? new data_table_1.default(pickleStep.argument.dataTable)\n            : ((_e = (_d = pickleStep.argument) === null || _d === void 0 ? void 0 : _d.docString) === null || _e === void 0 ? void 0 : _e.content)\n                ? pickleStep.argument.docString.content\n                : undefined;\n        cy.then(() => {\n            window.testState.pickleStep = step.pickleStep;\n            const start = (0, messages_1.createTimestamp)();\n            internalProperties.currentStep = { pickleStep };\n            internalProperties.currentStepStartedAt = start;\n            taskTestStepStarted(context, {\n                testStepId,\n                testCaseStartedId,\n                timestamp: start,\n            });\n            return cy.wrap(start, { log: false });\n        })\n            .then((start) => {\n            const beforeStepHooks = registry.resolveBeforeStepHooks(tags);\n            const afterStepHooks = registry.resolveAfterStepHooks(tags);\n            const options = {\n                pickle,\n                pickleStep,\n                gherkinDocument,\n                testCaseStartedId,\n                testStepId,\n            };\n            const beforeHooksChain = beforeStepHooks.reduce((chain, beforeStepHook) => {\n                return chain.then(() => (0, cypress_1.runStepWithLogGroup)({\n                    keyword: \"BeforeStep\",\n                    text: beforeStepHook.tags,\n                    fn: () => registry.runStepHook(this, beforeStepHook, options),\n                }));\n            }, cy.wrap({}, { log: false }));\n            return beforeHooksChain.then(() => {\n                try {\n                    return (0, cypress_1.runStepWithLogGroup)({\n                        keyword: (0, assertions_1.assertAndReturn)(\"keyword\" in scenarioStep && scenarioStep.keyword, \"Expected to find a keyword in the scenario step\"),\n                        argument,\n                        text,\n                        fn: () => registry.runStepDefininition(this, text, argument),\n                    }).then((result) => {\n                        return afterStepHooks\n                            .reverse()\n                            .reduce((chain, afterStepHook) => {\n                            return chain.then(() => (0, cypress_1.runStepWithLogGroup)({\n                                keyword: \"AfterStep\",\n                                text: afterStepHook.tags,\n                                fn: () => registry.runStepHook(this, afterStepHook, options),\n                            }));\n                        }, cy.wrap({}, { log: false }))\n                            .then(() => {\n                            return { start, result };\n                        });\n                    });\n                }\n                catch (e) {\n                    if (e instanceof registry_1.MissingDefinitionError) {\n                        throw new Error(createMissingStepDefinitionMessage(context, pickleStep, context.registry.parameterTypeRegistry));\n                    }\n                    else {\n                        throw e;\n                    }\n                }\n            });\n        })\n            .then(({ start, result }) => {\n            var _a, _b, _c;\n            const end = (0, messages_1.createTimestamp)();\n            if (result === \"pending\" || result === \"skipped\") {\n                if (result === \"pending\") {\n                    taskTestStepFinished(context, {\n                        testStepId,\n                        testCaseStartedId,\n                        testStepResult: {\n                            status: messages.TestStepResultStatus.PENDING,\n                            duration: (0, messages_1.duration)(start, end),\n                        },\n                        timestamp: end,\n                    });\n                }\n                else {\n                    taskTestStepFinished(context, {\n                        testStepId,\n                        testCaseStartedId,\n                        testStepResult: {\n                            status: messages.TestStepResultStatus.SKIPPED,\n                            duration: (0, messages_1.duration)(start, end),\n                        },\n                        timestamp: end,\n                    });\n                }\n                remainingSteps.shift();\n                for (const skippedStep of remainingSteps) {\n                    const hookIdOrPickleStepId = (0, assertions_1.assertAndReturn)((_b = (_a = skippedStep.hook) === null || _a === void 0 ? void 0 : _a.id) !== null && _b !== void 0 ? _b : (_c = skippedStep.pickleStep) === null || _c === void 0 ? void 0 : _c.id, \"Expected a step to either be a hook or a pickleStep\");\n                    const testStepId = getTestStepId({\n                        context,\n                        pickleId: pickle.id,\n                        hookIdOrPickleStepId,\n                    });\n                    taskTestStepStarted(context, {\n                        testStepId,\n                        testCaseStartedId,\n                        timestamp: (0, messages_1.createTimestamp)(),\n                    });\n                    taskTestStepFinished(context, {\n                        testStepId,\n                        testCaseStartedId,\n                        testStepResult: {\n                            status: messages.TestStepResultStatus.SKIPPED,\n                            duration: {\n                                seconds: 0,\n                                nanos: 0,\n                            },\n                        },\n                        timestamp: (0, messages_1.createTimestamp)(),\n                    });\n                }\n                for (let i = 0, count = remainingSteps.length; i < count; i++) {\n                    remainingSteps.pop();\n                }\n                cy.then(() => this.skip());\n            }\n            else {\n                taskTestStepFinished(context, {\n                    testStepId,\n                    testCaseStartedId,\n                    testStepResult: {\n                        status: messages.TestStepResultStatus.PASSED,\n                        duration: (0, messages_1.duration)(start, end),\n                    },\n                    timestamp: end,\n                });\n                remainingSteps.shift();\n            }\n        });\n    }\n}",
              "err": {
                "message": "CypressError: `cy.task('select')` failed with the following error:\n\n> Access denied for user ''@'172.27.0.1' (using password: NO)\n\nhttps://on.cypress.io/api/task",
                "estack": "CypressError: `cy.task('select')` failed with the following error:\n\n> Access denied for user ''@'172.27.0.1' (using password: NO)\n\nhttps://on.cypress.io/api/task\n    at <unknown> (http://localhost:8081/__cypress/runner/cypress_runner.js:135250:70)\n    at tryCatcher (http://localhost:8081/__cypress/runner/cypress_runner.js:1807:23)\n    at Promise._settlePromiseFromHandler (http://localhost:8081/__cypress/runner/cypress_runner.js:1519:31)\n    at Promise._settlePromise (http://localhost:8081/__cypress/runner/cypress_runner.js:1576:18)\n    at Promise._settlePromise0 (http://localhost:8081/__cypress/runner/cypress_runner.js:1621:10)\n    at Promise._settlePromises (http://localhost:8081/__cypress/runner/cypress_runner.js:1697:18)\n    at _drainQueueStep (http://localhost:8081/__cypress/runner/cypress_runner.js:2407:12)\n    at _drainQueue (http://localhost:8081/__cypress/runner/cypress_runner.js:2400:9)\n    at Async._drainQueues (http://localhost:8081/__cypress/runner/cypress_runner.js:2416:5)\n    at Async.drainQueues (http://localhost:8081/__cypress/runner/cypress_runner.js:2286:14)\nFrom Your Spec Code:\n    at Context.eval (cypress/tests/integration/commonSteps.js:28:5)\n    at Registry.runStepDefininition (node_modules/@badeball/cypress-cucumber-preprocessor/dist/registry.js:136:0)\n    at Object.fn (node_modules/@badeball/cypress-cucumber-preprocessor/dist/browser-runtime.js:348:0)\n    at runStepWithLogGroup (node_modules/@badeball/cypress-cucumber-preprocessor/dist/helpers/cypress.js:51:0)\n    at Context.eval (node_modules/@badeball/cypress-cucumber-preprocessor/dist/browser-runtime.js:344:0)\n\nFrom Node.js Internals:\n  Error: Access denied for user ''@'172.27.0.1' (using password: NO)\n      at PromisePool.execute (C:\\AA\\projetos\\hifood\\hifood-api\\node_modules\\mysql2\\promise.js:374:22)\n      at query (C:\\AA\\projetos\\hifood\\hifood-api\\helper\\database\\infra\\data-source.js:14:35)\n      at select (C:\\AA\\projetos\\hifood\\hifood-api\\cypress.config.js:13:14)\n      at invoke (C:\\Users\\alexandre.medeiros\\AppData\\Local\\Cypress\\Cache\\13.6.2\\Cypress\\resources\\app\\node_modules\\@packages\\server\\lib\\plugins\\child\\run_plugins.js:248:16)\n      at <unknown> (C:\\Users\\alexandre.medeiros\\AppData\\Local\\Cypress\\Cache\\13.6.2\\Cypress\\resources\\app\\node_modules\\@packages\\server\\lib\\plugins\\util.js:59:14)\n      at tryCatcher (C:\\Users\\alexandre.medeiros\\AppData\\Local\\Cypress\\Cache\\13.6.2\\Cypress\\resources\\app\\node_modules\\bluebird\\js\\release\\util.js:16:23)\n      at Function.Promise.attempt.Promise.try (C:\\Users\\alexandre.medeiros\\AppData\\Local\\Cypress\\Cache\\13.6.2\\Cypress\\resources\\app\\node_modules\\bluebird\\js\\release\\method.js:39:29)\n      at Object.wrapChildPromise (C:\\Users\\alexandre.medeiros\\AppData\\Local\\Cypress\\Cache\\13.6.2\\Cypress\\resources\\app\\node_modules\\@packages\\server\\lib\\plugins\\util.js:58:23)\n      at RunPlugins.taskExecute (C:\\Users\\alexandre.medeiros\\AppData\\Local\\Cypress\\Cache\\13.6.2\\Cypress\\resources\\app\\node_modules\\@packages\\server\\lib\\plugins\\child\\run_plugins.js:254:10)\n      at RunPlugins.execute (C:\\Users\\alexandre.medeiros\\AppData\\Local\\Cypress\\Cache\\13.6.2\\Cypress\\resources\\app\\node_modules\\@packages\\server\\lib\\plugins\\child\\run_plugins.js:166:21)\n      at EventEmitter.<anonymous> (C:\\Users\\alexandre.medeiros\\AppData\\Local\\Cypress\\Cache\\13.6.2\\Cypress\\resources\\app\\node_modules\\@packages\\server\\lib\\plugins\\child\\run_plugins.js:56:12)\n      at EventEmitter.emit (node:events:514:28)\n      at process.<anonymous> (C:\\Users\\alexandre.medeiros\\AppData\\Local\\Cypress\\Cache\\13.6.2\\Cypress\\resources\\app\\node_modules\\@packages\\server\\lib\\plugins\\util.js:33:22)\n      at process.emit (node:events:514:28)\n      at emit (node:internal/child_process:937:14)\n      at processTicksAndRejections (node:internal/process/task_queues:83:21)",
                "diff": null
              },
              "uuid": "5e90ff74-6991-41aa-92e5-877a5b621394",
              "parentUUID": "d3ef709f-e38a-4a34-bdee-ed85979c40d4",
              "isHook": false,
              "skipped": false
            }
          ],
          "suites": [],
          "passes": [],
          "failures": [
            "5e90ff74-6991-41aa-92e5-877a5b621394"
          ],
          "pending": [],
          "skipped": [],
          "duration": 421,
          "root": false,
          "rootEmpty": false,
          "_timeout": 2000
        }
      ],
      "passes": [],
      "failures": [],
      "pending": [],
      "skipped": [],
      "duration": 0,
      "root": true,
      "rootEmpty": true,
      "_timeout": 2000
    }
  ],
  "meta": {
    "mocha": {
      "version": "7.0.1"
    },
    "mochawesome": {
      "options": {
        "quiet": false,
        "reportFilename": "mochawesome",
        "saveHtml": false,
        "saveJson": true,
        "consoleReporter": "spec",
        "useInlineDiffs": false,
        "code": true
      },
      "version": "7.1.3"
    },
    "marge": {
      "options": {
        "reportDir": "cypress/tests/results",
        "overwrite": false,
        "html": false,
        "json": true
      },
      "version": "6.2.0"
    }
  }
}