{
  "stats": {
    "suites": 1,
    "tests": 13,
    "passes": 13,
    "pending": 0,
    "failures": 0,
    "start": "2024-02-15T18:40:12.878Z",
    "end": "2024-02-15T18:40:14.734Z",
    "duration": 1856,
    "testsRegistered": 13,
    "passPercent": 100,
    "pendingPercent": 0,
    "other": 0,
    "hasOther": false,
    "skipped": 0,
    "hasSkipped": false
  },
  "results": [
    {
      "uuid": "469dc652-1bfe-494f-82d1-827870261e9e",
      "title": "",
      "fullFile": "cypress/tests/integration/state/features/state.feature",
      "file": "cypress/tests/integration/state/features/state.feature",
      "beforeHooks": [],
      "afterHooks": [],
      "tests": [],
      "suites": [
        {
          "uuid": "1baf785e-f6ba-4255-bbf1-d76ad5901073",
          "title": "State endpoint tests",
          "fullFile": "",
          "file": "",
          "beforeHooks": [],
          "afterHooks": [],
          "tests": [
            {
              "title": "GET ALL: GET to /states should return all States",
              "fullTitle": "State endpoint tests GET ALL: GET to /states should return all States",
              "timedOut": null,
              "duration": 311,
              "state": "passed",
              "speed": "fast",
              "pass": true,
              "fail": false,
              "pending": false,
              "context": null,
              "code": "var _a, _b, _c, _d, _e;\nconst { remainingSteps, testCaseStartedId } = retrieveInternalSpecProperties();\ntaskTestCaseStarted(context, {\n    id: testCaseStartedId,\n    testCaseId,\n    attempt: attempt++,\n    timestamp: (0, messages_1.createTimestamp)(),\n});\nwindow.testState = {\n    gherkinDocument,\n    pickles,\n    pickle,\n};\nfor (const step of steps) {\n    if (step.hook) {\n        const hook = step.hook;\n        const testStepId = getTestStepId({\n            context,\n            pickleId: pickle.id,\n            hookIdOrPickleStepId: hook.id,\n        });\n        cy.then(() => {\n            delete window.testState.pickleStep;\n            const start = (0, messages_1.createTimestamp)();\n            internalProperties.currentStepStartedAt = start;\n            taskTestStepStarted(context, {\n                testStepId,\n                testCaseStartedId,\n                timestamp: start,\n            });\n            return cy.wrap(start, { log: false });\n        })\n            .then((start) => {\n            (0, cypress_1.runStepWithLogGroup)({\n                fn: () => registry.runHook(this, hook),\n                keyword: hook.keyword,\n                text: hook.tags,\n            });\n            return cy.wrap(start, { log: false });\n        })\n            .then((start) => {\n            const end = (0, messages_1.createTimestamp)();\n            taskTestStepFinished(context, {\n                testStepId,\n                testCaseStartedId,\n                testStepResult: {\n                    status: messages.TestStepResultStatus.PASSED,\n                    duration: (0, messages_1.duration)(start, end),\n                },\n                timestamp: end,\n            });\n            remainingSteps.shift();\n        });\n    }\n    else if (step.pickleStep) {\n        const pickleStep = step.pickleStep;\n        const testStepId = getTestStepId({\n            context,\n            pickleId: pickle.id,\n            hookIdOrPickleStepId: pickleStep.id,\n        });\n        const text = (0, assertions_1.assertAndReturn)(pickleStep.text, \"Expected pickle step to have a text\");\n        const scenarioStep = (0, assertions_1.assertAndReturn)(context.astIdsMap.get((0, assertions_1.assertAndReturn)((_a = pickleStep.astNodeIds) === null || _a === void 0 ? void 0 : _a[0], \"Expected to find at least one astNodeId\")), `Expected to find scenario step associated with id = ${(_b = pickleStep.astNodeIds) === null || _b === void 0 ? void 0 : _b[0]}`);\n        const argument = ((_c = pickleStep.argument) === null || _c === void 0 ? void 0 : _c.dataTable)\n            ? new data_table_1.default(pickleStep.argument.dataTable)\n            : ((_e = (_d = pickleStep.argument) === null || _d === void 0 ? void 0 : _d.docString) === null || _e === void 0 ? void 0 : _e.content)\n                ? pickleStep.argument.docString.content\n                : undefined;\n        cy.then(() => {\n            window.testState.pickleStep = step.pickleStep;\n            const start = (0, messages_1.createTimestamp)();\n            internalProperties.currentStep = { pickleStep };\n            internalProperties.currentStepStartedAt = start;\n            taskTestStepStarted(context, {\n                testStepId,\n                testCaseStartedId,\n                timestamp: start,\n            });\n            return cy.wrap(start, { log: false });\n        })\n            .then((start) => {\n            const beforeStepHooks = registry.resolveBeforeStepHooks(tags);\n            const afterStepHooks = registry.resolveAfterStepHooks(tags);\n            const options = {\n                pickle,\n                pickleStep,\n                gherkinDocument,\n                testCaseStartedId,\n                testStepId,\n            };\n            const beforeHooksChain = beforeStepHooks.reduce((chain, beforeStepHook) => {\n                return chain.then(() => (0, cypress_1.runStepWithLogGroup)({\n                    keyword: \"BeforeStep\",\n                    text: beforeStepHook.tags,\n                    fn: () => registry.runStepHook(this, beforeStepHook, options),\n                }));\n            }, cy.wrap({}, { log: false }));\n            return beforeHooksChain.then(() => {\n                try {\n                    return (0, cypress_1.runStepWithLogGroup)({\n                        keyword: (0, assertions_1.assertAndReturn)(\"keyword\" in scenarioStep && scenarioStep.keyword, \"Expected to find a keyword in the scenario step\"),\n                        argument,\n                        text,\n                        fn: () => registry.runStepDefininition(this, text, argument),\n                    }).then((result) => {\n                        return afterStepHooks\n                            .reverse()\n                            .reduce((chain, afterStepHook) => {\n                            return chain.then(() => (0, cypress_1.runStepWithLogGroup)({\n                                keyword: \"AfterStep\",\n                                text: afterStepHook.tags,\n                                fn: () => registry.runStepHook(this, afterStepHook, options),\n                            }));\n                        }, cy.wrap({}, { log: false }))\n                            .then(() => {\n                            return { start, result };\n                        });\n                    });\n                }\n                catch (e) {\n                    if (e instanceof registry_1.MissingDefinitionError) {\n                        throw new Error(createMissingStepDefinitionMessage(context, pickleStep, context.registry.parameterTypeRegistry));\n                    }\n                    else {\n                        throw e;\n                    }\n                }\n            });\n        })\n            .then(({ start, result }) => {\n            var _a, _b, _c;\n            const end = (0, messages_1.createTimestamp)();\n            if (result === \"pending\" || result === \"skipped\") {\n                if (result === \"pending\") {\n                    taskTestStepFinished(context, {\n                        testStepId,\n                        testCaseStartedId,\n                        testStepResult: {\n                            status: messages.TestStepResultStatus.PENDING,\n                            duration: (0, messages_1.duration)(start, end),\n                        },\n                        timestamp: end,\n                    });\n                }\n                else {\n                    taskTestStepFinished(context, {\n                        testStepId,\n                        testCaseStartedId,\n                        testStepResult: {\n                            status: messages.TestStepResultStatus.SKIPPED,\n                            duration: (0, messages_1.duration)(start, end),\n                        },\n                        timestamp: end,\n                    });\n                }\n                remainingSteps.shift();\n                for (const skippedStep of remainingSteps) {\n                    const hookIdOrPickleStepId = (0, assertions_1.assertAndReturn)((_b = (_a = skippedStep.hook) === null || _a === void 0 ? void 0 : _a.id) !== null && _b !== void 0 ? _b : (_c = skippedStep.pickleStep) === null || _c === void 0 ? void 0 : _c.id, \"Expected a step to either be a hook or a pickleStep\");\n                    const testStepId = getTestStepId({\n                        context,\n                        pickleId: pickle.id,\n                        hookIdOrPickleStepId,\n                    });\n                    taskTestStepStarted(context, {\n                        testStepId,\n                        testCaseStartedId,\n                        timestamp: (0, messages_1.createTimestamp)(),\n                    });\n                    taskTestStepFinished(context, {\n                        testStepId,\n                        testCaseStartedId,\n                        testStepResult: {\n                            status: messages.TestStepResultStatus.SKIPPED,\n                            duration: {\n                                seconds: 0,\n                                nanos: 0,\n                            },\n                        },\n                        timestamp: (0, messages_1.createTimestamp)(),\n                    });\n                }\n                for (let i = 0, count = remainingSteps.length; i < count; i++) {\n                    remainingSteps.pop();\n                }\n                cy.then(() => this.skip());\n            }\n            else {\n                taskTestStepFinished(context, {\n                    testStepId,\n                    testCaseStartedId,\n                    testStepResult: {\n                        status: messages.TestStepResultStatus.PASSED,\n                        duration: (0, messages_1.duration)(start, end),\n                    },\n                    timestamp: end,\n                });\n                remainingSteps.shift();\n            }\n        });\n    }\n}",
              "err": {},
              "uuid": "7836ac90-4632-48bd-a8cc-855a72956f8c",
              "parentUUID": "1baf785e-f6ba-4255-bbf1-d76ad5901073",
              "isHook": false,
              "skipped": false
            },
            {
              "title": "GET ONE: GET to /states/1 should return State existent with id=1 in database (example #1)",
              "fullTitle": "State endpoint tests GET ONE: GET to /states/1 should return State existent with id=1 in database (example #1)",
              "timedOut": null,
              "duration": 109,
              "state": "passed",
              "speed": "fast",
              "pass": true,
              "fail": false,
              "pending": false,
              "context": null,
              "code": "var _a, _b, _c, _d, _e;\nconst { remainingSteps, testCaseStartedId } = retrieveInternalSpecProperties();\ntaskTestCaseStarted(context, {\n    id: testCaseStartedId,\n    testCaseId,\n    attempt: attempt++,\n    timestamp: (0, messages_1.createTimestamp)(),\n});\nwindow.testState = {\n    gherkinDocument,\n    pickles,\n    pickle,\n};\nfor (const step of steps) {\n    if (step.hook) {\n        const hook = step.hook;\n        const testStepId = getTestStepId({\n            context,\n            pickleId: pickle.id,\n            hookIdOrPickleStepId: hook.id,\n        });\n        cy.then(() => {\n            delete window.testState.pickleStep;\n            const start = (0, messages_1.createTimestamp)();\n            internalProperties.currentStepStartedAt = start;\n            taskTestStepStarted(context, {\n                testStepId,\n                testCaseStartedId,\n                timestamp: start,\n            });\n            return cy.wrap(start, { log: false });\n        })\n            .then((start) => {\n            (0, cypress_1.runStepWithLogGroup)({\n                fn: () => registry.runHook(this, hook),\n                keyword: hook.keyword,\n                text: hook.tags,\n            });\n            return cy.wrap(start, { log: false });\n        })\n            .then((start) => {\n            const end = (0, messages_1.createTimestamp)();\n            taskTestStepFinished(context, {\n                testStepId,\n                testCaseStartedId,\n                testStepResult: {\n                    status: messages.TestStepResultStatus.PASSED,\n                    duration: (0, messages_1.duration)(start, end),\n                },\n                timestamp: end,\n            });\n            remainingSteps.shift();\n        });\n    }\n    else if (step.pickleStep) {\n        const pickleStep = step.pickleStep;\n        const testStepId = getTestStepId({\n            context,\n            pickleId: pickle.id,\n            hookIdOrPickleStepId: pickleStep.id,\n        });\n        const text = (0, assertions_1.assertAndReturn)(pickleStep.text, \"Expected pickle step to have a text\");\n        const scenarioStep = (0, assertions_1.assertAndReturn)(context.astIdsMap.get((0, assertions_1.assertAndReturn)((_a = pickleStep.astNodeIds) === null || _a === void 0 ? void 0 : _a[0], \"Expected to find at least one astNodeId\")), `Expected to find scenario step associated with id = ${(_b = pickleStep.astNodeIds) === null || _b === void 0 ? void 0 : _b[0]}`);\n        const argument = ((_c = pickleStep.argument) === null || _c === void 0 ? void 0 : _c.dataTable)\n            ? new data_table_1.default(pickleStep.argument.dataTable)\n            : ((_e = (_d = pickleStep.argument) === null || _d === void 0 ? void 0 : _d.docString) === null || _e === void 0 ? void 0 : _e.content)\n                ? pickleStep.argument.docString.content\n                : undefined;\n        cy.then(() => {\n            window.testState.pickleStep = step.pickleStep;\n            const start = (0, messages_1.createTimestamp)();\n            internalProperties.currentStep = { pickleStep };\n            internalProperties.currentStepStartedAt = start;\n            taskTestStepStarted(context, {\n                testStepId,\n                testCaseStartedId,\n                timestamp: start,\n            });\n            return cy.wrap(start, { log: false });\n        })\n            .then((start) => {\n            const beforeStepHooks = registry.resolveBeforeStepHooks(tags);\n            const afterStepHooks = registry.resolveAfterStepHooks(tags);\n            const options = {\n                pickle,\n                pickleStep,\n                gherkinDocument,\n                testCaseStartedId,\n                testStepId,\n            };\n            const beforeHooksChain = beforeStepHooks.reduce((chain, beforeStepHook) => {\n                return chain.then(() => (0, cypress_1.runStepWithLogGroup)({\n                    keyword: \"BeforeStep\",\n                    text: beforeStepHook.tags,\n                    fn: () => registry.runStepHook(this, beforeStepHook, options),\n                }));\n            }, cy.wrap({}, { log: false }));\n            return beforeHooksChain.then(() => {\n                try {\n                    return (0, cypress_1.runStepWithLogGroup)({\n                        keyword: (0, assertions_1.assertAndReturn)(\"keyword\" in scenarioStep && scenarioStep.keyword, \"Expected to find a keyword in the scenario step\"),\n                        argument,\n                        text,\n                        fn: () => registry.runStepDefininition(this, text, argument),\n                    }).then((result) => {\n                        return afterStepHooks\n                            .reverse()\n                            .reduce((chain, afterStepHook) => {\n                            return chain.then(() => (0, cypress_1.runStepWithLogGroup)({\n                                keyword: \"AfterStep\",\n                                text: afterStepHook.tags,\n                                fn: () => registry.runStepHook(this, afterStepHook, options),\n                            }));\n                        }, cy.wrap({}, { log: false }))\n                            .then(() => {\n                            return { start, result };\n                        });\n                    });\n                }\n                catch (e) {\n                    if (e instanceof registry_1.MissingDefinitionError) {\n                        throw new Error(createMissingStepDefinitionMessage(context, pickleStep, context.registry.parameterTypeRegistry));\n                    }\n                    else {\n                        throw e;\n                    }\n                }\n            });\n        })\n            .then(({ start, result }) => {\n            var _a, _b, _c;\n            const end = (0, messages_1.createTimestamp)();\n            if (result === \"pending\" || result === \"skipped\") {\n                if (result === \"pending\") {\n                    taskTestStepFinished(context, {\n                        testStepId,\n                        testCaseStartedId,\n                        testStepResult: {\n                            status: messages.TestStepResultStatus.PENDING,\n                            duration: (0, messages_1.duration)(start, end),\n                        },\n                        timestamp: end,\n                    });\n                }\n                else {\n                    taskTestStepFinished(context, {\n                        testStepId,\n                        testCaseStartedId,\n                        testStepResult: {\n                            status: messages.TestStepResultStatus.SKIPPED,\n                            duration: (0, messages_1.duration)(start, end),\n                        },\n                        timestamp: end,\n                    });\n                }\n                remainingSteps.shift();\n                for (const skippedStep of remainingSteps) {\n                    const hookIdOrPickleStepId = (0, assertions_1.assertAndReturn)((_b = (_a = skippedStep.hook) === null || _a === void 0 ? void 0 : _a.id) !== null && _b !== void 0 ? _b : (_c = skippedStep.pickleStep) === null || _c === void 0 ? void 0 : _c.id, \"Expected a step to either be a hook or a pickleStep\");\n                    const testStepId = getTestStepId({\n                        context,\n                        pickleId: pickle.id,\n                        hookIdOrPickleStepId,\n                    });\n                    taskTestStepStarted(context, {\n                        testStepId,\n                        testCaseStartedId,\n                        timestamp: (0, messages_1.createTimestamp)(),\n                    });\n                    taskTestStepFinished(context, {\n                        testStepId,\n                        testCaseStartedId,\n                        testStepResult: {\n                            status: messages.TestStepResultStatus.SKIPPED,\n                            duration: {\n                                seconds: 0,\n                                nanos: 0,\n                            },\n                        },\n                        timestamp: (0, messages_1.createTimestamp)(),\n                    });\n                }\n                for (let i = 0, count = remainingSteps.length; i < count; i++) {\n                    remainingSteps.pop();\n                }\n                cy.then(() => this.skip());\n            }\n            else {\n                taskTestStepFinished(context, {\n                    testStepId,\n                    testCaseStartedId,\n                    testStepResult: {\n                        status: messages.TestStepResultStatus.PASSED,\n                        duration: (0, messages_1.duration)(start, end),\n                    },\n                    timestamp: end,\n                });\n                remainingSteps.shift();\n            }\n        });\n    }\n}",
              "err": {},
              "uuid": "44d9567f-659b-46b7-b3a5-cae5e8802879",
              "parentUUID": "1baf785e-f6ba-4255-bbf1-d76ad5901073",
              "isHook": false,
              "skipped": false
            },
            {
              "title": "NOT FOUND: GET to /states/999 should return no State found (example #1)",
              "fullTitle": "State endpoint tests NOT FOUND: GET to /states/999 should return no State found (example #1)",
              "timedOut": null,
              "duration": 99,
              "state": "passed",
              "speed": "fast",
              "pass": true,
              "fail": false,
              "pending": false,
              "context": null,
              "code": "var _a, _b, _c, _d, _e;\nconst { remainingSteps, testCaseStartedId } = retrieveInternalSpecProperties();\ntaskTestCaseStarted(context, {\n    id: testCaseStartedId,\n    testCaseId,\n    attempt: attempt++,\n    timestamp: (0, messages_1.createTimestamp)(),\n});\nwindow.testState = {\n    gherkinDocument,\n    pickles,\n    pickle,\n};\nfor (const step of steps) {\n    if (step.hook) {\n        const hook = step.hook;\n        const testStepId = getTestStepId({\n            context,\n            pickleId: pickle.id,\n            hookIdOrPickleStepId: hook.id,\n        });\n        cy.then(() => {\n            delete window.testState.pickleStep;\n            const start = (0, messages_1.createTimestamp)();\n            internalProperties.currentStepStartedAt = start;\n            taskTestStepStarted(context, {\n                testStepId,\n                testCaseStartedId,\n                timestamp: start,\n            });\n            return cy.wrap(start, { log: false });\n        })\n            .then((start) => {\n            (0, cypress_1.runStepWithLogGroup)({\n                fn: () => registry.runHook(this, hook),\n                keyword: hook.keyword,\n                text: hook.tags,\n            });\n            return cy.wrap(start, { log: false });\n        })\n            .then((start) => {\n            const end = (0, messages_1.createTimestamp)();\n            taskTestStepFinished(context, {\n                testStepId,\n                testCaseStartedId,\n                testStepResult: {\n                    status: messages.TestStepResultStatus.PASSED,\n                    duration: (0, messages_1.duration)(start, end),\n                },\n                timestamp: end,\n            });\n            remainingSteps.shift();\n        });\n    }\n    else if (step.pickleStep) {\n        const pickleStep = step.pickleStep;\n        const testStepId = getTestStepId({\n            context,\n            pickleId: pickle.id,\n            hookIdOrPickleStepId: pickleStep.id,\n        });\n        const text = (0, assertions_1.assertAndReturn)(pickleStep.text, \"Expected pickle step to have a text\");\n        const scenarioStep = (0, assertions_1.assertAndReturn)(context.astIdsMap.get((0, assertions_1.assertAndReturn)((_a = pickleStep.astNodeIds) === null || _a === void 0 ? void 0 : _a[0], \"Expected to find at least one astNodeId\")), `Expected to find scenario step associated with id = ${(_b = pickleStep.astNodeIds) === null || _b === void 0 ? void 0 : _b[0]}`);\n        const argument = ((_c = pickleStep.argument) === null || _c === void 0 ? void 0 : _c.dataTable)\n            ? new data_table_1.default(pickleStep.argument.dataTable)\n            : ((_e = (_d = pickleStep.argument) === null || _d === void 0 ? void 0 : _d.docString) === null || _e === void 0 ? void 0 : _e.content)\n                ? pickleStep.argument.docString.content\n                : undefined;\n        cy.then(() => {\n            window.testState.pickleStep = step.pickleStep;\n            const start = (0, messages_1.createTimestamp)();\n            internalProperties.currentStep = { pickleStep };\n            internalProperties.currentStepStartedAt = start;\n            taskTestStepStarted(context, {\n                testStepId,\n                testCaseStartedId,\n                timestamp: start,\n            });\n            return cy.wrap(start, { log: false });\n        })\n            .then((start) => {\n            const beforeStepHooks = registry.resolveBeforeStepHooks(tags);\n            const afterStepHooks = registry.resolveAfterStepHooks(tags);\n            const options = {\n                pickle,\n                pickleStep,\n                gherkinDocument,\n                testCaseStartedId,\n                testStepId,\n            };\n            const beforeHooksChain = beforeStepHooks.reduce((chain, beforeStepHook) => {\n                return chain.then(() => (0, cypress_1.runStepWithLogGroup)({\n                    keyword: \"BeforeStep\",\n                    text: beforeStepHook.tags,\n                    fn: () => registry.runStepHook(this, beforeStepHook, options),\n                }));\n            }, cy.wrap({}, { log: false }));\n            return beforeHooksChain.then(() => {\n                try {\n                    return (0, cypress_1.runStepWithLogGroup)({\n                        keyword: (0, assertions_1.assertAndReturn)(\"keyword\" in scenarioStep && scenarioStep.keyword, \"Expected to find a keyword in the scenario step\"),\n                        argument,\n                        text,\n                        fn: () => registry.runStepDefininition(this, text, argument),\n                    }).then((result) => {\n                        return afterStepHooks\n                            .reverse()\n                            .reduce((chain, afterStepHook) => {\n                            return chain.then(() => (0, cypress_1.runStepWithLogGroup)({\n                                keyword: \"AfterStep\",\n                                text: afterStepHook.tags,\n                                fn: () => registry.runStepHook(this, afterStepHook, options),\n                            }));\n                        }, cy.wrap({}, { log: false }))\n                            .then(() => {\n                            return { start, result };\n                        });\n                    });\n                }\n                catch (e) {\n                    if (e instanceof registry_1.MissingDefinitionError) {\n                        throw new Error(createMissingStepDefinitionMessage(context, pickleStep, context.registry.parameterTypeRegistry));\n                    }\n                    else {\n                        throw e;\n                    }\n                }\n            });\n        })\n            .then(({ start, result }) => {\n            var _a, _b, _c;\n            const end = (0, messages_1.createTimestamp)();\n            if (result === \"pending\" || result === \"skipped\") {\n                if (result === \"pending\") {\n                    taskTestStepFinished(context, {\n                        testStepId,\n                        testCaseStartedId,\n                        testStepResult: {\n                            status: messages.TestStepResultStatus.PENDING,\n                            duration: (0, messages_1.duration)(start, end),\n                        },\n                        timestamp: end,\n                    });\n                }\n                else {\n                    taskTestStepFinished(context, {\n                        testStepId,\n                        testCaseStartedId,\n                        testStepResult: {\n                            status: messages.TestStepResultStatus.SKIPPED,\n                            duration: (0, messages_1.duration)(start, end),\n                        },\n                        timestamp: end,\n                    });\n                }\n                remainingSteps.shift();\n                for (const skippedStep of remainingSteps) {\n                    const hookIdOrPickleStepId = (0, assertions_1.assertAndReturn)((_b = (_a = skippedStep.hook) === null || _a === void 0 ? void 0 : _a.id) !== null && _b !== void 0 ? _b : (_c = skippedStep.pickleStep) === null || _c === void 0 ? void 0 : _c.id, \"Expected a step to either be a hook or a pickleStep\");\n                    const testStepId = getTestStepId({\n                        context,\n                        pickleId: pickle.id,\n                        hookIdOrPickleStepId,\n                    });\n                    taskTestStepStarted(context, {\n                        testStepId,\n                        testCaseStartedId,\n                        timestamp: (0, messages_1.createTimestamp)(),\n                    });\n                    taskTestStepFinished(context, {\n                        testStepId,\n                        testCaseStartedId,\n                        testStepResult: {\n                            status: messages.TestStepResultStatus.SKIPPED,\n                            duration: {\n                                seconds: 0,\n                                nanos: 0,\n                            },\n                        },\n                        timestamp: (0, messages_1.createTimestamp)(),\n                    });\n                }\n                for (let i = 0, count = remainingSteps.length; i < count; i++) {\n                    remainingSteps.pop();\n                }\n                cy.then(() => this.skip());\n            }\n            else {\n                taskTestStepFinished(context, {\n                    testStepId,\n                    testCaseStartedId,\n                    testStepResult: {\n                        status: messages.TestStepResultStatus.PASSED,\n                        duration: (0, messages_1.duration)(start, end),\n                    },\n                    timestamp: end,\n                });\n                remainingSteps.shift();\n            }\n        });\n    }\n}",
              "err": {},
              "uuid": "1345422f-076a-4ec9-aab0-130ecb155067",
              "parentUUID": "1baf785e-f6ba-4255-bbf1-d76ad5901073",
              "isHook": false,
              "skipped": false
            },
            {
              "title": "CREATE: POST to /states should create a new state",
              "fullTitle": "State endpoint tests CREATE: POST to /states should create a new state",
              "timedOut": null,
              "duration": 120,
              "state": "passed",
              "speed": "fast",
              "pass": true,
              "fail": false,
              "pending": false,
              "context": null,
              "code": "var _a, _b, _c, _d, _e;\nconst { remainingSteps, testCaseStartedId } = retrieveInternalSpecProperties();\ntaskTestCaseStarted(context, {\n    id: testCaseStartedId,\n    testCaseId,\n    attempt: attempt++,\n    timestamp: (0, messages_1.createTimestamp)(),\n});\nwindow.testState = {\n    gherkinDocument,\n    pickles,\n    pickle,\n};\nfor (const step of steps) {\n    if (step.hook) {\n        const hook = step.hook;\n        const testStepId = getTestStepId({\n            context,\n            pickleId: pickle.id,\n            hookIdOrPickleStepId: hook.id,\n        });\n        cy.then(() => {\n            delete window.testState.pickleStep;\n            const start = (0, messages_1.createTimestamp)();\n            internalProperties.currentStepStartedAt = start;\n            taskTestStepStarted(context, {\n                testStepId,\n                testCaseStartedId,\n                timestamp: start,\n            });\n            return cy.wrap(start, { log: false });\n        })\n            .then((start) => {\n            (0, cypress_1.runStepWithLogGroup)({\n                fn: () => registry.runHook(this, hook),\n                keyword: hook.keyword,\n                text: hook.tags,\n            });\n            return cy.wrap(start, { log: false });\n        })\n            .then((start) => {\n            const end = (0, messages_1.createTimestamp)();\n            taskTestStepFinished(context, {\n                testStepId,\n                testCaseStartedId,\n                testStepResult: {\n                    status: messages.TestStepResultStatus.PASSED,\n                    duration: (0, messages_1.duration)(start, end),\n                },\n                timestamp: end,\n            });\n            remainingSteps.shift();\n        });\n    }\n    else if (step.pickleStep) {\n        const pickleStep = step.pickleStep;\n        const testStepId = getTestStepId({\n            context,\n            pickleId: pickle.id,\n            hookIdOrPickleStepId: pickleStep.id,\n        });\n        const text = (0, assertions_1.assertAndReturn)(pickleStep.text, \"Expected pickle step to have a text\");\n        const scenarioStep = (0, assertions_1.assertAndReturn)(context.astIdsMap.get((0, assertions_1.assertAndReturn)((_a = pickleStep.astNodeIds) === null || _a === void 0 ? void 0 : _a[0], \"Expected to find at least one astNodeId\")), `Expected to find scenario step associated with id = ${(_b = pickleStep.astNodeIds) === null || _b === void 0 ? void 0 : _b[0]}`);\n        const argument = ((_c = pickleStep.argument) === null || _c === void 0 ? void 0 : _c.dataTable)\n            ? new data_table_1.default(pickleStep.argument.dataTable)\n            : ((_e = (_d = pickleStep.argument) === null || _d === void 0 ? void 0 : _d.docString) === null || _e === void 0 ? void 0 : _e.content)\n                ? pickleStep.argument.docString.content\n                : undefined;\n        cy.then(() => {\n            window.testState.pickleStep = step.pickleStep;\n            const start = (0, messages_1.createTimestamp)();\n            internalProperties.currentStep = { pickleStep };\n            internalProperties.currentStepStartedAt = start;\n            taskTestStepStarted(context, {\n                testStepId,\n                testCaseStartedId,\n                timestamp: start,\n            });\n            return cy.wrap(start, { log: false });\n        })\n            .then((start) => {\n            const beforeStepHooks = registry.resolveBeforeStepHooks(tags);\n            const afterStepHooks = registry.resolveAfterStepHooks(tags);\n            const options = {\n                pickle,\n                pickleStep,\n                gherkinDocument,\n                testCaseStartedId,\n                testStepId,\n            };\n            const beforeHooksChain = beforeStepHooks.reduce((chain, beforeStepHook) => {\n                return chain.then(() => (0, cypress_1.runStepWithLogGroup)({\n                    keyword: \"BeforeStep\",\n                    text: beforeStepHook.tags,\n                    fn: () => registry.runStepHook(this, beforeStepHook, options),\n                }));\n            }, cy.wrap({}, { log: false }));\n            return beforeHooksChain.then(() => {\n                try {\n                    return (0, cypress_1.runStepWithLogGroup)({\n                        keyword: (0, assertions_1.assertAndReturn)(\"keyword\" in scenarioStep && scenarioStep.keyword, \"Expected to find a keyword in the scenario step\"),\n                        argument,\n                        text,\n                        fn: () => registry.runStepDefininition(this, text, argument),\n                    }).then((result) => {\n                        return afterStepHooks\n                            .reverse()\n                            .reduce((chain, afterStepHook) => {\n                            return chain.then(() => (0, cypress_1.runStepWithLogGroup)({\n                                keyword: \"AfterStep\",\n                                text: afterStepHook.tags,\n                                fn: () => registry.runStepHook(this, afterStepHook, options),\n                            }));\n                        }, cy.wrap({}, { log: false }))\n                            .then(() => {\n                            return { start, result };\n                        });\n                    });\n                }\n                catch (e) {\n                    if (e instanceof registry_1.MissingDefinitionError) {\n                        throw new Error(createMissingStepDefinitionMessage(context, pickleStep, context.registry.parameterTypeRegistry));\n                    }\n                    else {\n                        throw e;\n                    }\n                }\n            });\n        })\n            .then(({ start, result }) => {\n            var _a, _b, _c;\n            const end = (0, messages_1.createTimestamp)();\n            if (result === \"pending\" || result === \"skipped\") {\n                if (result === \"pending\") {\n                    taskTestStepFinished(context, {\n                        testStepId,\n                        testCaseStartedId,\n                        testStepResult: {\n                            status: messages.TestStepResultStatus.PENDING,\n                            duration: (0, messages_1.duration)(start, end),\n                        },\n                        timestamp: end,\n                    });\n                }\n                else {\n                    taskTestStepFinished(context, {\n                        testStepId,\n                        testCaseStartedId,\n                        testStepResult: {\n                            status: messages.TestStepResultStatus.SKIPPED,\n                            duration: (0, messages_1.duration)(start, end),\n                        },\n                        timestamp: end,\n                    });\n                }\n                remainingSteps.shift();\n                for (const skippedStep of remainingSteps) {\n                    const hookIdOrPickleStepId = (0, assertions_1.assertAndReturn)((_b = (_a = skippedStep.hook) === null || _a === void 0 ? void 0 : _a.id) !== null && _b !== void 0 ? _b : (_c = skippedStep.pickleStep) === null || _c === void 0 ? void 0 : _c.id, \"Expected a step to either be a hook or a pickleStep\");\n                    const testStepId = getTestStepId({\n                        context,\n                        pickleId: pickle.id,\n                        hookIdOrPickleStepId,\n                    });\n                    taskTestStepStarted(context, {\n                        testStepId,\n                        testCaseStartedId,\n                        timestamp: (0, messages_1.createTimestamp)(),\n                    });\n                    taskTestStepFinished(context, {\n                        testStepId,\n                        testCaseStartedId,\n                        testStepResult: {\n                            status: messages.TestStepResultStatus.SKIPPED,\n                            duration: {\n                                seconds: 0,\n                                nanos: 0,\n                            },\n                        },\n                        timestamp: (0, messages_1.createTimestamp)(),\n                    });\n                }\n                for (let i = 0, count = remainingSteps.length; i < count; i++) {\n                    remainingSteps.pop();\n                }\n                cy.then(() => this.skip());\n            }\n            else {\n                taskTestStepFinished(context, {\n                    testStepId,\n                    testCaseStartedId,\n                    testStepResult: {\n                        status: messages.TestStepResultStatus.PASSED,\n                        duration: (0, messages_1.duration)(start, end),\n                    },\n                    timestamp: end,\n                });\n                remainingSteps.shift();\n            }\n        });\n    }\n}",
              "err": {},
              "uuid": "3e6af3b4-d10a-448f-96c5-42dec0e6b717",
              "parentUUID": "1baf785e-f6ba-4255-bbf1-d76ad5901073",
              "isHook": false,
              "skipped": false
            },
            {
              "title": "CREATE FAIL: POST to /states fail because field name is too small",
              "fullTitle": "State endpoint tests CREATE FAIL: POST to /states fail because field name is too small",
              "timedOut": null,
              "duration": 104,
              "state": "passed",
              "speed": "fast",
              "pass": true,
              "fail": false,
              "pending": false,
              "context": null,
              "code": "var _a, _b, _c, _d, _e;\nconst { remainingSteps, testCaseStartedId } = retrieveInternalSpecProperties();\ntaskTestCaseStarted(context, {\n    id: testCaseStartedId,\n    testCaseId,\n    attempt: attempt++,\n    timestamp: (0, messages_1.createTimestamp)(),\n});\nwindow.testState = {\n    gherkinDocument,\n    pickles,\n    pickle,\n};\nfor (const step of steps) {\n    if (step.hook) {\n        const hook = step.hook;\n        const testStepId = getTestStepId({\n            context,\n            pickleId: pickle.id,\n            hookIdOrPickleStepId: hook.id,\n        });\n        cy.then(() => {\n            delete window.testState.pickleStep;\n            const start = (0, messages_1.createTimestamp)();\n            internalProperties.currentStepStartedAt = start;\n            taskTestStepStarted(context, {\n                testStepId,\n                testCaseStartedId,\n                timestamp: start,\n            });\n            return cy.wrap(start, { log: false });\n        })\n            .then((start) => {\n            (0, cypress_1.runStepWithLogGroup)({\n                fn: () => registry.runHook(this, hook),\n                keyword: hook.keyword,\n                text: hook.tags,\n            });\n            return cy.wrap(start, { log: false });\n        })\n            .then((start) => {\n            const end = (0, messages_1.createTimestamp)();\n            taskTestStepFinished(context, {\n                testStepId,\n                testCaseStartedId,\n                testStepResult: {\n                    status: messages.TestStepResultStatus.PASSED,\n                    duration: (0, messages_1.duration)(start, end),\n                },\n                timestamp: end,\n            });\n            remainingSteps.shift();\n        });\n    }\n    else if (step.pickleStep) {\n        const pickleStep = step.pickleStep;\n        const testStepId = getTestStepId({\n            context,\n            pickleId: pickle.id,\n            hookIdOrPickleStepId: pickleStep.id,\n        });\n        const text = (0, assertions_1.assertAndReturn)(pickleStep.text, \"Expected pickle step to have a text\");\n        const scenarioStep = (0, assertions_1.assertAndReturn)(context.astIdsMap.get((0, assertions_1.assertAndReturn)((_a = pickleStep.astNodeIds) === null || _a === void 0 ? void 0 : _a[0], \"Expected to find at least one astNodeId\")), `Expected to find scenario step associated with id = ${(_b = pickleStep.astNodeIds) === null || _b === void 0 ? void 0 : _b[0]}`);\n        const argument = ((_c = pickleStep.argument) === null || _c === void 0 ? void 0 : _c.dataTable)\n            ? new data_table_1.default(pickleStep.argument.dataTable)\n            : ((_e = (_d = pickleStep.argument) === null || _d === void 0 ? void 0 : _d.docString) === null || _e === void 0 ? void 0 : _e.content)\n                ? pickleStep.argument.docString.content\n                : undefined;\n        cy.then(() => {\n            window.testState.pickleStep = step.pickleStep;\n            const start = (0, messages_1.createTimestamp)();\n            internalProperties.currentStep = { pickleStep };\n            internalProperties.currentStepStartedAt = start;\n            taskTestStepStarted(context, {\n                testStepId,\n                testCaseStartedId,\n                timestamp: start,\n            });\n            return cy.wrap(start, { log: false });\n        })\n            .then((start) => {\n            const beforeStepHooks = registry.resolveBeforeStepHooks(tags);\n            const afterStepHooks = registry.resolveAfterStepHooks(tags);\n            const options = {\n                pickle,\n                pickleStep,\n                gherkinDocument,\n                testCaseStartedId,\n                testStepId,\n            };\n            const beforeHooksChain = beforeStepHooks.reduce((chain, beforeStepHook) => {\n                return chain.then(() => (0, cypress_1.runStepWithLogGroup)({\n                    keyword: \"BeforeStep\",\n                    text: beforeStepHook.tags,\n                    fn: () => registry.runStepHook(this, beforeStepHook, options),\n                }));\n            }, cy.wrap({}, { log: false }));\n            return beforeHooksChain.then(() => {\n                try {\n                    return (0, cypress_1.runStepWithLogGroup)({\n                        keyword: (0, assertions_1.assertAndReturn)(\"keyword\" in scenarioStep && scenarioStep.keyword, \"Expected to find a keyword in the scenario step\"),\n                        argument,\n                        text,\n                        fn: () => registry.runStepDefininition(this, text, argument),\n                    }).then((result) => {\n                        return afterStepHooks\n                            .reverse()\n                            .reduce((chain, afterStepHook) => {\n                            return chain.then(() => (0, cypress_1.runStepWithLogGroup)({\n                                keyword: \"AfterStep\",\n                                text: afterStepHook.tags,\n                                fn: () => registry.runStepHook(this, afterStepHook, options),\n                            }));\n                        }, cy.wrap({}, { log: false }))\n                            .then(() => {\n                            return { start, result };\n                        });\n                    });\n                }\n                catch (e) {\n                    if (e instanceof registry_1.MissingDefinitionError) {\n                        throw new Error(createMissingStepDefinitionMessage(context, pickleStep, context.registry.parameterTypeRegistry));\n                    }\n                    else {\n                        throw e;\n                    }\n                }\n            });\n        })\n            .then(({ start, result }) => {\n            var _a, _b, _c;\n            const end = (0, messages_1.createTimestamp)();\n            if (result === \"pending\" || result === \"skipped\") {\n                if (result === \"pending\") {\n                    taskTestStepFinished(context, {\n                        testStepId,\n                        testCaseStartedId,\n                        testStepResult: {\n                            status: messages.TestStepResultStatus.PENDING,\n                            duration: (0, messages_1.duration)(start, end),\n                        },\n                        timestamp: end,\n                    });\n                }\n                else {\n                    taskTestStepFinished(context, {\n                        testStepId,\n                        testCaseStartedId,\n                        testStepResult: {\n                            status: messages.TestStepResultStatus.SKIPPED,\n                            duration: (0, messages_1.duration)(start, end),\n                        },\n                        timestamp: end,\n                    });\n                }\n                remainingSteps.shift();\n                for (const skippedStep of remainingSteps) {\n                    const hookIdOrPickleStepId = (0, assertions_1.assertAndReturn)((_b = (_a = skippedStep.hook) === null || _a === void 0 ? void 0 : _a.id) !== null && _b !== void 0 ? _b : (_c = skippedStep.pickleStep) === null || _c === void 0 ? void 0 : _c.id, \"Expected a step to either be a hook or a pickleStep\");\n                    const testStepId = getTestStepId({\n                        context,\n                        pickleId: pickle.id,\n                        hookIdOrPickleStepId,\n                    });\n                    taskTestStepStarted(context, {\n                        testStepId,\n                        testCaseStartedId,\n                        timestamp: (0, messages_1.createTimestamp)(),\n                    });\n                    taskTestStepFinished(context, {\n                        testStepId,\n                        testCaseStartedId,\n                        testStepResult: {\n                            status: messages.TestStepResultStatus.SKIPPED,\n                            duration: {\n                                seconds: 0,\n                                nanos: 0,\n                            },\n                        },\n                        timestamp: (0, messages_1.createTimestamp)(),\n                    });\n                }\n                for (let i = 0, count = remainingSteps.length; i < count; i++) {\n                    remainingSteps.pop();\n                }\n                cy.then(() => this.skip());\n            }\n            else {\n                taskTestStepFinished(context, {\n                    testStepId,\n                    testCaseStartedId,\n                    testStepResult: {\n                        status: messages.TestStepResultStatus.PASSED,\n                        duration: (0, messages_1.duration)(start, end),\n                    },\n                    timestamp: end,\n                });\n                remainingSteps.shift();\n            }\n        });\n    }\n}",
              "err": {},
              "uuid": "c9361cd6-7d25-4539-b065-b1e0baf6d09c",
              "parentUUID": "1baf785e-f6ba-4255-bbf1-d76ad5901073",
              "isHook": false,
              "skipped": false
            },
            {
              "title": "CREATE FAIL: POST to /states fail because field name is too large",
              "fullTitle": "State endpoint tests CREATE FAIL: POST to /states fail because field name is too large",
              "timedOut": null,
              "duration": 87,
              "state": "passed",
              "speed": "fast",
              "pass": true,
              "fail": false,
              "pending": false,
              "context": null,
              "code": "var _a, _b, _c, _d, _e;\nconst { remainingSteps, testCaseStartedId } = retrieveInternalSpecProperties();\ntaskTestCaseStarted(context, {\n    id: testCaseStartedId,\n    testCaseId,\n    attempt: attempt++,\n    timestamp: (0, messages_1.createTimestamp)(),\n});\nwindow.testState = {\n    gherkinDocument,\n    pickles,\n    pickle,\n};\nfor (const step of steps) {\n    if (step.hook) {\n        const hook = step.hook;\n        const testStepId = getTestStepId({\n            context,\n            pickleId: pickle.id,\n            hookIdOrPickleStepId: hook.id,\n        });\n        cy.then(() => {\n            delete window.testState.pickleStep;\n            const start = (0, messages_1.createTimestamp)();\n            internalProperties.currentStepStartedAt = start;\n            taskTestStepStarted(context, {\n                testStepId,\n                testCaseStartedId,\n                timestamp: start,\n            });\n            return cy.wrap(start, { log: false });\n        })\n            .then((start) => {\n            (0, cypress_1.runStepWithLogGroup)({\n                fn: () => registry.runHook(this, hook),\n                keyword: hook.keyword,\n                text: hook.tags,\n            });\n            return cy.wrap(start, { log: false });\n        })\n            .then((start) => {\n            const end = (0, messages_1.createTimestamp)();\n            taskTestStepFinished(context, {\n                testStepId,\n                testCaseStartedId,\n                testStepResult: {\n                    status: messages.TestStepResultStatus.PASSED,\n                    duration: (0, messages_1.duration)(start, end),\n                },\n                timestamp: end,\n            });\n            remainingSteps.shift();\n        });\n    }\n    else if (step.pickleStep) {\n        const pickleStep = step.pickleStep;\n        const testStepId = getTestStepId({\n            context,\n            pickleId: pickle.id,\n            hookIdOrPickleStepId: pickleStep.id,\n        });\n        const text = (0, assertions_1.assertAndReturn)(pickleStep.text, \"Expected pickle step to have a text\");\n        const scenarioStep = (0, assertions_1.assertAndReturn)(context.astIdsMap.get((0, assertions_1.assertAndReturn)((_a = pickleStep.astNodeIds) === null || _a === void 0 ? void 0 : _a[0], \"Expected to find at least one astNodeId\")), `Expected to find scenario step associated with id = ${(_b = pickleStep.astNodeIds) === null || _b === void 0 ? void 0 : _b[0]}`);\n        const argument = ((_c = pickleStep.argument) === null || _c === void 0 ? void 0 : _c.dataTable)\n            ? new data_table_1.default(pickleStep.argument.dataTable)\n            : ((_e = (_d = pickleStep.argument) === null || _d === void 0 ? void 0 : _d.docString) === null || _e === void 0 ? void 0 : _e.content)\n                ? pickleStep.argument.docString.content\n                : undefined;\n        cy.then(() => {\n            window.testState.pickleStep = step.pickleStep;\n            const start = (0, messages_1.createTimestamp)();\n            internalProperties.currentStep = { pickleStep };\n            internalProperties.currentStepStartedAt = start;\n            taskTestStepStarted(context, {\n                testStepId,\n                testCaseStartedId,\n                timestamp: start,\n            });\n            return cy.wrap(start, { log: false });\n        })\n            .then((start) => {\n            const beforeStepHooks = registry.resolveBeforeStepHooks(tags);\n            const afterStepHooks = registry.resolveAfterStepHooks(tags);\n            const options = {\n                pickle,\n                pickleStep,\n                gherkinDocument,\n                testCaseStartedId,\n                testStepId,\n            };\n            const beforeHooksChain = beforeStepHooks.reduce((chain, beforeStepHook) => {\n                return chain.then(() => (0, cypress_1.runStepWithLogGroup)({\n                    keyword: \"BeforeStep\",\n                    text: beforeStepHook.tags,\n                    fn: () => registry.runStepHook(this, beforeStepHook, options),\n                }));\n            }, cy.wrap({}, { log: false }));\n            return beforeHooksChain.then(() => {\n                try {\n                    return (0, cypress_1.runStepWithLogGroup)({\n                        keyword: (0, assertions_1.assertAndReturn)(\"keyword\" in scenarioStep && scenarioStep.keyword, \"Expected to find a keyword in the scenario step\"),\n                        argument,\n                        text,\n                        fn: () => registry.runStepDefininition(this, text, argument),\n                    }).then((result) => {\n                        return afterStepHooks\n                            .reverse()\n                            .reduce((chain, afterStepHook) => {\n                            return chain.then(() => (0, cypress_1.runStepWithLogGroup)({\n                                keyword: \"AfterStep\",\n                                text: afterStepHook.tags,\n                                fn: () => registry.runStepHook(this, afterStepHook, options),\n                            }));\n                        }, cy.wrap({}, { log: false }))\n                            .then(() => {\n                            return { start, result };\n                        });\n                    });\n                }\n                catch (e) {\n                    if (e instanceof registry_1.MissingDefinitionError) {\n                        throw new Error(createMissingStepDefinitionMessage(context, pickleStep, context.registry.parameterTypeRegistry));\n                    }\n                    else {\n                        throw e;\n                    }\n                }\n            });\n        })\n            .then(({ start, result }) => {\n            var _a, _b, _c;\n            const end = (0, messages_1.createTimestamp)();\n            if (result === \"pending\" || result === \"skipped\") {\n                if (result === \"pending\") {\n                    taskTestStepFinished(context, {\n                        testStepId,\n                        testCaseStartedId,\n                        testStepResult: {\n                            status: messages.TestStepResultStatus.PENDING,\n                            duration: (0, messages_1.duration)(start, end),\n                        },\n                        timestamp: end,\n                    });\n                }\n                else {\n                    taskTestStepFinished(context, {\n                        testStepId,\n                        testCaseStartedId,\n                        testStepResult: {\n                            status: messages.TestStepResultStatus.SKIPPED,\n                            duration: (0, messages_1.duration)(start, end),\n                        },\n                        timestamp: end,\n                    });\n                }\n                remainingSteps.shift();\n                for (const skippedStep of remainingSteps) {\n                    const hookIdOrPickleStepId = (0, assertions_1.assertAndReturn)((_b = (_a = skippedStep.hook) === null || _a === void 0 ? void 0 : _a.id) !== null && _b !== void 0 ? _b : (_c = skippedStep.pickleStep) === null || _c === void 0 ? void 0 : _c.id, \"Expected a step to either be a hook or a pickleStep\");\n                    const testStepId = getTestStepId({\n                        context,\n                        pickleId: pickle.id,\n                        hookIdOrPickleStepId,\n                    });\n                    taskTestStepStarted(context, {\n                        testStepId,\n                        testCaseStartedId,\n                        timestamp: (0, messages_1.createTimestamp)(),\n                    });\n                    taskTestStepFinished(context, {\n                        testStepId,\n                        testCaseStartedId,\n                        testStepResult: {\n                            status: messages.TestStepResultStatus.SKIPPED,\n                            duration: {\n                                seconds: 0,\n                                nanos: 0,\n                            },\n                        },\n                        timestamp: (0, messages_1.createTimestamp)(),\n                    });\n                }\n                for (let i = 0, count = remainingSteps.length; i < count; i++) {\n                    remainingSteps.pop();\n                }\n                cy.then(() => this.skip());\n            }\n            else {\n                taskTestStepFinished(context, {\n                    testStepId,\n                    testCaseStartedId,\n                    testStepResult: {\n                        status: messages.TestStepResultStatus.PASSED,\n                        duration: (0, messages_1.duration)(start, end),\n                    },\n                    timestamp: end,\n                });\n                remainingSteps.shift();\n            }\n        });\n    }\n}",
              "err": {},
              "uuid": "f0a4de6b-3fcc-40d5-9907-f5a8c3f94c7c",
              "parentUUID": "1baf785e-f6ba-4255-bbf1-d76ad5901073",
              "isHook": false,
              "skipped": false
            },
            {
              "title": "CREATE FAIL: POST to /states fail because field name should not be null",
              "fullTitle": "State endpoint tests CREATE FAIL: POST to /states fail because field name should not be null",
              "timedOut": null,
              "duration": 79,
              "state": "passed",
              "speed": "fast",
              "pass": true,
              "fail": false,
              "pending": false,
              "context": null,
              "code": "var _a, _b, _c, _d, _e;\nconst { remainingSteps, testCaseStartedId } = retrieveInternalSpecProperties();\ntaskTestCaseStarted(context, {\n    id: testCaseStartedId,\n    testCaseId,\n    attempt: attempt++,\n    timestamp: (0, messages_1.createTimestamp)(),\n});\nwindow.testState = {\n    gherkinDocument,\n    pickles,\n    pickle,\n};\nfor (const step of steps) {\n    if (step.hook) {\n        const hook = step.hook;\n        const testStepId = getTestStepId({\n            context,\n            pickleId: pickle.id,\n            hookIdOrPickleStepId: hook.id,\n        });\n        cy.then(() => {\n            delete window.testState.pickleStep;\n            const start = (0, messages_1.createTimestamp)();\n            internalProperties.currentStepStartedAt = start;\n            taskTestStepStarted(context, {\n                testStepId,\n                testCaseStartedId,\n                timestamp: start,\n            });\n            return cy.wrap(start, { log: false });\n        })\n            .then((start) => {\n            (0, cypress_1.runStepWithLogGroup)({\n                fn: () => registry.runHook(this, hook),\n                keyword: hook.keyword,\n                text: hook.tags,\n            });\n            return cy.wrap(start, { log: false });\n        })\n            .then((start) => {\n            const end = (0, messages_1.createTimestamp)();\n            taskTestStepFinished(context, {\n                testStepId,\n                testCaseStartedId,\n                testStepResult: {\n                    status: messages.TestStepResultStatus.PASSED,\n                    duration: (0, messages_1.duration)(start, end),\n                },\n                timestamp: end,\n            });\n            remainingSteps.shift();\n        });\n    }\n    else if (step.pickleStep) {\n        const pickleStep = step.pickleStep;\n        const testStepId = getTestStepId({\n            context,\n            pickleId: pickle.id,\n            hookIdOrPickleStepId: pickleStep.id,\n        });\n        const text = (0, assertions_1.assertAndReturn)(pickleStep.text, \"Expected pickle step to have a text\");\n        const scenarioStep = (0, assertions_1.assertAndReturn)(context.astIdsMap.get((0, assertions_1.assertAndReturn)((_a = pickleStep.astNodeIds) === null || _a === void 0 ? void 0 : _a[0], \"Expected to find at least one astNodeId\")), `Expected to find scenario step associated with id = ${(_b = pickleStep.astNodeIds) === null || _b === void 0 ? void 0 : _b[0]}`);\n        const argument = ((_c = pickleStep.argument) === null || _c === void 0 ? void 0 : _c.dataTable)\n            ? new data_table_1.default(pickleStep.argument.dataTable)\n            : ((_e = (_d = pickleStep.argument) === null || _d === void 0 ? void 0 : _d.docString) === null || _e === void 0 ? void 0 : _e.content)\n                ? pickleStep.argument.docString.content\n                : undefined;\n        cy.then(() => {\n            window.testState.pickleStep = step.pickleStep;\n            const start = (0, messages_1.createTimestamp)();\n            internalProperties.currentStep = { pickleStep };\n            internalProperties.currentStepStartedAt = start;\n            taskTestStepStarted(context, {\n                testStepId,\n                testCaseStartedId,\n                timestamp: start,\n            });\n            return cy.wrap(start, { log: false });\n        })\n            .then((start) => {\n            const beforeStepHooks = registry.resolveBeforeStepHooks(tags);\n            const afterStepHooks = registry.resolveAfterStepHooks(tags);\n            const options = {\n                pickle,\n                pickleStep,\n                gherkinDocument,\n                testCaseStartedId,\n                testStepId,\n            };\n            const beforeHooksChain = beforeStepHooks.reduce((chain, beforeStepHook) => {\n                return chain.then(() => (0, cypress_1.runStepWithLogGroup)({\n                    keyword: \"BeforeStep\",\n                    text: beforeStepHook.tags,\n                    fn: () => registry.runStepHook(this, beforeStepHook, options),\n                }));\n            }, cy.wrap({}, { log: false }));\n            return beforeHooksChain.then(() => {\n                try {\n                    return (0, cypress_1.runStepWithLogGroup)({\n                        keyword: (0, assertions_1.assertAndReturn)(\"keyword\" in scenarioStep && scenarioStep.keyword, \"Expected to find a keyword in the scenario step\"),\n                        argument,\n                        text,\n                        fn: () => registry.runStepDefininition(this, text, argument),\n                    }).then((result) => {\n                        return afterStepHooks\n                            .reverse()\n                            .reduce((chain, afterStepHook) => {\n                            return chain.then(() => (0, cypress_1.runStepWithLogGroup)({\n                                keyword: \"AfterStep\",\n                                text: afterStepHook.tags,\n                                fn: () => registry.runStepHook(this, afterStepHook, options),\n                            }));\n                        }, cy.wrap({}, { log: false }))\n                            .then(() => {\n                            return { start, result };\n                        });\n                    });\n                }\n                catch (e) {\n                    if (e instanceof registry_1.MissingDefinitionError) {\n                        throw new Error(createMissingStepDefinitionMessage(context, pickleStep, context.registry.parameterTypeRegistry));\n                    }\n                    else {\n                        throw e;\n                    }\n                }\n            });\n        })\n            .then(({ start, result }) => {\n            var _a, _b, _c;\n            const end = (0, messages_1.createTimestamp)();\n            if (result === \"pending\" || result === \"skipped\") {\n                if (result === \"pending\") {\n                    taskTestStepFinished(context, {\n                        testStepId,\n                        testCaseStartedId,\n                        testStepResult: {\n                            status: messages.TestStepResultStatus.PENDING,\n                            duration: (0, messages_1.duration)(start, end),\n                        },\n                        timestamp: end,\n                    });\n                }\n                else {\n                    taskTestStepFinished(context, {\n                        testStepId,\n                        testCaseStartedId,\n                        testStepResult: {\n                            status: messages.TestStepResultStatus.SKIPPED,\n                            duration: (0, messages_1.duration)(start, end),\n                        },\n                        timestamp: end,\n                    });\n                }\n                remainingSteps.shift();\n                for (const skippedStep of remainingSteps) {\n                    const hookIdOrPickleStepId = (0, assertions_1.assertAndReturn)((_b = (_a = skippedStep.hook) === null || _a === void 0 ? void 0 : _a.id) !== null && _b !== void 0 ? _b : (_c = skippedStep.pickleStep) === null || _c === void 0 ? void 0 : _c.id, \"Expected a step to either be a hook or a pickleStep\");\n                    const testStepId = getTestStepId({\n                        context,\n                        pickleId: pickle.id,\n                        hookIdOrPickleStepId,\n                    });\n                    taskTestStepStarted(context, {\n                        testStepId,\n                        testCaseStartedId,\n                        timestamp: (0, messages_1.createTimestamp)(),\n                    });\n                    taskTestStepFinished(context, {\n                        testStepId,\n                        testCaseStartedId,\n                        testStepResult: {\n                            status: messages.TestStepResultStatus.SKIPPED,\n                            duration: {\n                                seconds: 0,\n                                nanos: 0,\n                            },\n                        },\n                        timestamp: (0, messages_1.createTimestamp)(),\n                    });\n                }\n                for (let i = 0, count = remainingSteps.length; i < count; i++) {\n                    remainingSteps.pop();\n                }\n                cy.then(() => this.skip());\n            }\n            else {\n                taskTestStepFinished(context, {\n                    testStepId,\n                    testCaseStartedId,\n                    testStepResult: {\n                        status: messages.TestStepResultStatus.PASSED,\n                        duration: (0, messages_1.duration)(start, end),\n                    },\n                    timestamp: end,\n                });\n                remainingSteps.shift();\n            }\n        });\n    }\n}",
              "err": {},
              "uuid": "47dd075a-b4fe-41e7-9904-d47e12d058af",
              "parentUUID": "1baf785e-f6ba-4255-bbf1-d76ad5901073",
              "isHook": false,
              "skipped": false
            },
            {
              "title": "CREATE FAIL: POST to /states fail because an unrecognized field exist",
              "fullTitle": "State endpoint tests CREATE FAIL: POST to /states fail because an unrecognized field exist",
              "timedOut": null,
              "duration": 56,
              "state": "passed",
              "speed": "fast",
              "pass": true,
              "fail": false,
              "pending": false,
              "context": null,
              "code": "var _a, _b, _c, _d, _e;\nconst { remainingSteps, testCaseStartedId } = retrieveInternalSpecProperties();\ntaskTestCaseStarted(context, {\n    id: testCaseStartedId,\n    testCaseId,\n    attempt: attempt++,\n    timestamp: (0, messages_1.createTimestamp)(),\n});\nwindow.testState = {\n    gherkinDocument,\n    pickles,\n    pickle,\n};\nfor (const step of steps) {\n    if (step.hook) {\n        const hook = step.hook;\n        const testStepId = getTestStepId({\n            context,\n            pickleId: pickle.id,\n            hookIdOrPickleStepId: hook.id,\n        });\n        cy.then(() => {\n            delete window.testState.pickleStep;\n            const start = (0, messages_1.createTimestamp)();\n            internalProperties.currentStepStartedAt = start;\n            taskTestStepStarted(context, {\n                testStepId,\n                testCaseStartedId,\n                timestamp: start,\n            });\n            return cy.wrap(start, { log: false });\n        })\n            .then((start) => {\n            (0, cypress_1.runStepWithLogGroup)({\n                fn: () => registry.runHook(this, hook),\n                keyword: hook.keyword,\n                text: hook.tags,\n            });\n            return cy.wrap(start, { log: false });\n        })\n            .then((start) => {\n            const end = (0, messages_1.createTimestamp)();\n            taskTestStepFinished(context, {\n                testStepId,\n                testCaseStartedId,\n                testStepResult: {\n                    status: messages.TestStepResultStatus.PASSED,\n                    duration: (0, messages_1.duration)(start, end),\n                },\n                timestamp: end,\n            });\n            remainingSteps.shift();\n        });\n    }\n    else if (step.pickleStep) {\n        const pickleStep = step.pickleStep;\n        const testStepId = getTestStepId({\n            context,\n            pickleId: pickle.id,\n            hookIdOrPickleStepId: pickleStep.id,\n        });\n        const text = (0, assertions_1.assertAndReturn)(pickleStep.text, \"Expected pickle step to have a text\");\n        const scenarioStep = (0, assertions_1.assertAndReturn)(context.astIdsMap.get((0, assertions_1.assertAndReturn)((_a = pickleStep.astNodeIds) === null || _a === void 0 ? void 0 : _a[0], \"Expected to find at least one astNodeId\")), `Expected to find scenario step associated with id = ${(_b = pickleStep.astNodeIds) === null || _b === void 0 ? void 0 : _b[0]}`);\n        const argument = ((_c = pickleStep.argument) === null || _c === void 0 ? void 0 : _c.dataTable)\n            ? new data_table_1.default(pickleStep.argument.dataTable)\n            : ((_e = (_d = pickleStep.argument) === null || _d === void 0 ? void 0 : _d.docString) === null || _e === void 0 ? void 0 : _e.content)\n                ? pickleStep.argument.docString.content\n                : undefined;\n        cy.then(() => {\n            window.testState.pickleStep = step.pickleStep;\n            const start = (0, messages_1.createTimestamp)();\n            internalProperties.currentStep = { pickleStep };\n            internalProperties.currentStepStartedAt = start;\n            taskTestStepStarted(context, {\n                testStepId,\n                testCaseStartedId,\n                timestamp: start,\n            });\n            return cy.wrap(start, { log: false });\n        })\n            .then((start) => {\n            const beforeStepHooks = registry.resolveBeforeStepHooks(tags);\n            const afterStepHooks = registry.resolveAfterStepHooks(tags);\n            const options = {\n                pickle,\n                pickleStep,\n                gherkinDocument,\n                testCaseStartedId,\n                testStepId,\n            };\n            const beforeHooksChain = beforeStepHooks.reduce((chain, beforeStepHook) => {\n                return chain.then(() => (0, cypress_1.runStepWithLogGroup)({\n                    keyword: \"BeforeStep\",\n                    text: beforeStepHook.tags,\n                    fn: () => registry.runStepHook(this, beforeStepHook, options),\n                }));\n            }, cy.wrap({}, { log: false }));\n            return beforeHooksChain.then(() => {\n                try {\n                    return (0, cypress_1.runStepWithLogGroup)({\n                        keyword: (0, assertions_1.assertAndReturn)(\"keyword\" in scenarioStep && scenarioStep.keyword, \"Expected to find a keyword in the scenario step\"),\n                        argument,\n                        text,\n                        fn: () => registry.runStepDefininition(this, text, argument),\n                    }).then((result) => {\n                        return afterStepHooks\n                            .reverse()\n                            .reduce((chain, afterStepHook) => {\n                            return chain.then(() => (0, cypress_1.runStepWithLogGroup)({\n                                keyword: \"AfterStep\",\n                                text: afterStepHook.tags,\n                                fn: () => registry.runStepHook(this, afterStepHook, options),\n                            }));\n                        }, cy.wrap({}, { log: false }))\n                            .then(() => {\n                            return { start, result };\n                        });\n                    });\n                }\n                catch (e) {\n                    if (e instanceof registry_1.MissingDefinitionError) {\n                        throw new Error(createMissingStepDefinitionMessage(context, pickleStep, context.registry.parameterTypeRegistry));\n                    }\n                    else {\n                        throw e;\n                    }\n                }\n            });\n        })\n            .then(({ start, result }) => {\n            var _a, _b, _c;\n            const end = (0, messages_1.createTimestamp)();\n            if (result === \"pending\" || result === \"skipped\") {\n                if (result === \"pending\") {\n                    taskTestStepFinished(context, {\n                        testStepId,\n                        testCaseStartedId,\n                        testStepResult: {\n                            status: messages.TestStepResultStatus.PENDING,\n                            duration: (0, messages_1.duration)(start, end),\n                        },\n                        timestamp: end,\n                    });\n                }\n                else {\n                    taskTestStepFinished(context, {\n                        testStepId,\n                        testCaseStartedId,\n                        testStepResult: {\n                            status: messages.TestStepResultStatus.SKIPPED,\n                            duration: (0, messages_1.duration)(start, end),\n                        },\n                        timestamp: end,\n                    });\n                }\n                remainingSteps.shift();\n                for (const skippedStep of remainingSteps) {\n                    const hookIdOrPickleStepId = (0, assertions_1.assertAndReturn)((_b = (_a = skippedStep.hook) === null || _a === void 0 ? void 0 : _a.id) !== null && _b !== void 0 ? _b : (_c = skippedStep.pickleStep) === null || _c === void 0 ? void 0 : _c.id, \"Expected a step to either be a hook or a pickleStep\");\n                    const testStepId = getTestStepId({\n                        context,\n                        pickleId: pickle.id,\n                        hookIdOrPickleStepId,\n                    });\n                    taskTestStepStarted(context, {\n                        testStepId,\n                        testCaseStartedId,\n                        timestamp: (0, messages_1.createTimestamp)(),\n                    });\n                    taskTestStepFinished(context, {\n                        testStepId,\n                        testCaseStartedId,\n                        testStepResult: {\n                            status: messages.TestStepResultStatus.SKIPPED,\n                            duration: {\n                                seconds: 0,\n                                nanos: 0,\n                            },\n                        },\n                        timestamp: (0, messages_1.createTimestamp)(),\n                    });\n                }\n                for (let i = 0, count = remainingSteps.length; i < count; i++) {\n                    remainingSteps.pop();\n                }\n                cy.then(() => this.skip());\n            }\n            else {\n                taskTestStepFinished(context, {\n                    testStepId,\n                    testCaseStartedId,\n                    testStepResult: {\n                        status: messages.TestStepResultStatus.PASSED,\n                        duration: (0, messages_1.duration)(start, end),\n                    },\n                    timestamp: end,\n                });\n                remainingSteps.shift();\n            }\n        });\n    }\n}",
              "err": {},
              "uuid": "623fbca5-d902-4b5c-941f-aaaa752648c2",
              "parentUUID": "1baf785e-f6ba-4255-bbf1-d76ad5901073",
              "isHook": false,
              "skipped": false
            },
            {
              "title": "UPDATE: PUT to /states/1 should update the State with id=1",
              "fullTitle": "State endpoint tests UPDATE: PUT to /states/1 should update the State with id=1",
              "timedOut": null,
              "duration": 67,
[...]
           });\n            return cy.wrap(start, { log: false });\n        })\n            .then((start) => {\n            (0, cypress_1.runStepWithLogGroup)({\n                fn: () => registry.runHook(this, hook),\n                keyword: hook.keyword,\n                text: hook.tags,\n            });\n            return cy.wrap(start, { log: false });\n        })\n            .then((start) => {\n            const end = (0, messages_1.createTimestamp)();\n            taskTestStepFinished(context, {\n                testStepId,\n                testCaseStartedId,\n                testStepResult: {\n                    status: messages.TestStepResultStatus.PASSED,\n                    duration: (0, messages_1.duration)(start, end),\n                },\n                timestamp: end,\n            });\n            remainingSteps.shift();\n        });\n    }\n    else if (step.pickleStep) {\n        const pickleStep = step.pickleStep;\n        const testStepId = getTestStepId({\n            context,\n            pickleId: pickle.id,\n            hookIdOrPickleStepId: pickleStep.id,\n        });\n        const text = (0, assertions_1.assertAndReturn)(pickleStep.text, \"Expected pickle step to have a text\");\n        const scenarioStep = (0, assertions_1.assertAndReturn)(context.astIdsMap.get((0, assertions_1.assertAndReturn)((_a = pickleStep.astNodeIds) === null || _a === void 0 ? void 0 : _a[0], \"Expected to find at least one astNodeId\")), `Expected to find scenario step associated with id = ${(_b = pickleStep.astNodeIds) === null || _b === void 0 ? void 0 : _b[0]}`);\n        const argument = ((_c = pickleStep.argument) === null || _c === void 0 ? void 0 : _c.dataTable)\n            ? new data_table_1.default(pickleStep.argument.dataTable)\n            : ((_e = (_d = pickleStep.argument) === null || _d === void 0 ? void 0 : _d.docString) === null || _e === void 0 ? void 0 : _e.content)\n                ? pickleStep.argument.docString.content\n                : undefined;\n        cy.then(() => {\n            window.testState.pickleStep = step.pickleStep;\n            const start = (0, messages_1.createTimestamp)();\n            internalProperties.currentStep = { pickleStep };\n            internalProperties.currentStepStartedAt = start;\n            taskTestStepStarted(context, {\n                testStepId,\n                testCaseStartedId,\n                timestamp: start,\n            });\n            return cy.wrap(start, { log: false });\n        })\n            .then((start) => {\n            const beforeStepHooks = registry.resolveBeforeStepHooks(tags);\n            const afterStepHooks = registry.resolveAfterStepHooks(tags);\n            const options = {\n                pickle,\n                pickleStep,\n                gherkinDocument,\n                testCaseStartedId,\n                testStepId,\n            };\n            const beforeHooksChain = beforeStepHooks.reduce((chain, beforeStepHook) => {\n                return chain.then(() => (0, cypress_1.runStepWithLogGroup)({\n                    keyword: \"BeforeStep\",\n                    text: beforeStepHook.tags,\n                    fn: () => registry.runStepHook(this, beforeStepHook, options),\n                }));\n            }, cy.wrap({}, { log: false }));\n            return beforeHooksChain.then(() => {\n                try {\n                    return (0, cypress_1.runStepWithLogGroup)({\n                        keyword: (0, assertions_1.assertAndReturn)(\"keyword\" in scenarioStep && scenarioStep.keyword, \"Expected to find a keyword in the scenario step\"),\n                        argument,\n                        text,\n                        fn: () => registry.runStepDefininition(this, text, argument),\n                    }).then((result) => {\n                        return afterStepHooks\n                            .reverse()\n                            .reduce((chain, afterStepHook) => {\n                            return chain.then(() => (0, cypress_1.runStepWithLogGroup)({\n                                keyword: \"AfterStep\",\n                                text: afterStepHook.tags,\n                                fn: () => registry.runStepHook(this, afterStepHook, options),\n                            }));\n                        }, cy.wrap({}, { log: false }))\n                            .then(() => {\n                            return { start, result };\n                        });\n                    });\n                }\n                catch (e) {\n                    if (e instanceof registry_1.MissingDefinitionError) {\n                        throw new Error(createMissingStepDefinitionMessage(context, pickleStep, context.registry.parameterTypeRegistry));\n                    }\n                    else {\n                        throw e;\n                    }\n                }\n            });\n        })\n            .then(({ start, result }) => {\n            var _a, _b, _c;\n            const end = (0, messages_1.createTimestamp)();\n            if (result === \"pending\" || result === \"skipped\") {\n                if (result === \"pending\") {\n                    taskTestStepFinished(context, {\n                        testStepId,\n                        testCaseStartedId,\n                        testStepResult: {\n                            status: messages.TestStepResultStatus.PENDING,\n                            duration: (0, messages_1.duration)(start, end),\n                        },\n                        timestamp: end,\n                    });\n                }\n                else {\n                    taskTestStepFinished(context, {\n                        testStepId,\n                        testCaseStartedId,\n                        testStepResult: {\n                            status: messages.TestStepResultStatus.SKIPPED,\n                            duration: (0, messages_1.duration)(start, end),\n                        },\n                        timestamp: end,\n                    });\n                }\n                remainingSteps.shift();\n                for (const skippedStep of remainingSteps) {\n                    const hookIdOrPickleStepId = (0, assertions_1.assertAndReturn)((_b = (_a = skippedStep.hook) === null || _a === void 0 ? void 0 : _a.id) !== null && _b !== void 0 ? _b : (_c = skippedStep.pickleStep) === null || _c === void 0 ? void 0 : _c.id, \"Expected a step to either be a hook or a pickleStep\");\n                    const testStepId = getTestStepId({\n                        context,\n                        pickleId: pickle.id,\n                        hookIdOrPickleStepId,\n                    });\n                    taskTestStepStarted(context, {\n                        testStepId,\n                        testCaseStartedId,\n                        timestamp: (0, messages_1.createTimestamp)(),\n                    });\n                    taskTestStepFinished(context, {\n                        testStepId,\n                        testCaseStartedId,\n                        testStepResult: {\n                            status: messages.TestStepResultStatus.SKIPPED,\n                            duration: {\n                                seconds: 0,\n                                nanos: 0,\n                            },\n                        },\n                        timestamp: (0, messages_1.createTimestamp)(),\n                    });\n                }\n                for (let i = 0, count = remainingSteps.length; i < count; i++) {\n                    remainingSteps.pop();\n                }\n                cy.then(() => this.skip());\n            }\n            else {\n                taskTestStepFinished(context, {\n                    testStepId,\n                    testCaseStartedId,\n                    testStepResult: {\n                        status: messages.TestStepResultStatus.PASSED,\n                        duration: (0, messages_1.duration)(start, end),\n                    },\n                    timestamp: end,\n                });\n                remainingSteps.shift();\n            }\n        });\n    }\n}",
              "err": {},
              "uuid": "81b908b8-2cc1-476d-b74a-b15e42824780",
              "parentUUID": "1baf785e-f6ba-4255-bbf1-d76ad5901073",
              "isHook": false,
              "skipped": false
            },
            {
              "title": "REMOVE FAIL: DELETE to /states/1 should not remove State with child registry (example #1)",
              "fullTitle": "State endpoint tests REMOVE FAIL: DELETE to /states/1 should not remove State with child registry (example #1)",
              "timedOut": null,
              "duration": 62,
              "state": "passed",
              "speed": "fast",
              "pass": true,
              "fail": false,
              "pending": false,
              "context": null,
              "code": "var _a, _b, _c, _d, _e;\nconst { remainingSteps, testCaseStartedId } = retrieveInternalSpecProperties();\ntaskTestCaseStarted(context, {\n    id: testCaseStartedId,\n    testCaseId,\n    attempt: attempt++,\n    timestamp: (0, messages_1.createTimestamp)(),\n});\nwindow.testState = {\n    gherkinDocument,\n    pickles,\n    pickle,\n};\nfor (const step of steps) {\n    if (step.hook) {\n        const hook = step.hook;\n        const testStepId = getTestStepId({\n            context,\n            pickleId: pickle.id,\n            hookIdOrPickleStepId: hook.id,\n        });\n        cy.then(() => {\n            delete window.testState.pickleStep;\n            const start = (0, messages_1.createTimestamp)();\n            internalProperties.currentStepStartedAt = start;\n            taskTestStepStarted(context, {\n                testStepId,\n                testCaseStartedId,\n                timestamp: start,\n            });\n            return cy.wrap(start, { log: false });\n        })\n            .then((start) => {\n            (0, cypress_1.runStepWithLogGroup)({\n                fn: () => registry.runHook(this, hook),\n                keyword: hook.keyword,\n                text: hook.tags,\n            });\n            return cy.wrap(start, { log: false });\n        })\n            .then((start) => {\n            const end = (0, messages_1.createTimestamp)();\n            taskTestStepFinished(context, {\n                testStepId,\n                testCaseStartedId,\n                testStepResult: {\n                    status: messages.TestStepResultStatus.PASSED,\n                    duration: (0, messages_1.duration)(start, end),\n                },\n                timestamp: end,\n            });\n            remainingSteps.shift();\n        });\n    }\n    else if (step.pickleStep) {\n        const pickleStep = step.pickleStep;\n        const testStepId = getTestStepId({\n            context,\n            pickleId: pickle.id,\n            hookIdOrPickleStepId: pickleStep.id,\n        });\n        const text = (0, assertions_1.assertAndReturn)(pickleStep.text, \"Expected pickle step to have a text\");\n        const scenarioStep = (0, assertions_1.assertAndReturn)(context.astIdsMap.get((0, assertions_1.assertAndReturn)((_a = pickleStep.astNodeIds) === null || _a === void 0 ? void 0 : _a[0], \"Expected to find at least one astNodeId\")), `Expected to find scenario step associated with id = ${(_b = pickleStep.astNodeIds) === null || _b === void 0 ? void 0 : _b[0]}`);\n        const argument = ((_c = pickleStep.argument) === null || _c === void 0 ? void 0 : _c.dataTable)\n            ? new data_table_1.default(pickleStep.argument.dataTable)\n            : ((_e = (_d = pickleStep.argument) === null || _d === void 0 ? void 0 : _d.docString) === null || _e === void 0 ? void 0 : _e.content)\n                ? pickleStep.argument.docString.content\n                : undefined;\n        cy.then(() => {\n            window.testState.pickleStep = step.pickleStep;\n            const start = (0, messages_1.createTimestamp)();\n            internalProperties.currentStep = { pickleStep };\n            internalProperties.currentStepStartedAt = start;\n            taskTestStepStarted(context, {\n                testStepId,\n                testCaseStartedId,\n                timestamp: start,\n            });\n            return cy.wrap(start, { log: false });\n        })\n            .then((start) => {\n            const beforeStepHooks = registry.resolveBeforeStepHooks(tags);\n            const afterStepHooks = registry.resolveAfterStepHooks(tags);\n            const options = {\n                pickle,\n                pickleStep,\n                gherkinDocument,\n                testCaseStartedId,\n                testStepId,\n            };\n            const beforeHooksChain = beforeStepHooks.reduce((chain, beforeStepHook) => {\n                return chain.then(() => (0, cypress_1.runStepWithLogGroup)({\n                    keyword: \"BeforeStep\",\n                    text: beforeStepHook.tags,\n                    fn: () => registry.runStepHook(this, beforeStepHook, options),\n                }));\n            }, cy.wrap({}, { log: false }));\n            return beforeHooksChain.then(() => {\n                try {\n                    return (0, cypress_1.runStepWithLogGroup)({\n                        keyword: (0, assertions_1.assertAndReturn)(\"keyword\" in scenarioStep && scenarioStep.keyword, \"Expected to find a keyword in the scenario step\"),\n                        argument,\n                        text,\n                        fn: () => registry.runStepDefininition(this, text, argument),\n                    }).then((result) => {\n                        return afterStepHooks\n                            .reverse()\n                            .reduce((chain, afterStepHook) => {\n                            return chain.then(() => (0, cypress_1.runStepWithLogGroup)({\n                                keyword: \"AfterStep\",\n                                text: afterStepHook.tags,\n                                fn: () => registry.runStepHook(this, afterStepHook, options),\n                            }));\n                        }, cy.wrap({}, { log: false }))\n                            .then(() => {\n                            return { start, result };\n                        });\n                    });\n                }\n                catch (e) {\n                    if (e instanceof registry_1.MissingDefinitionError) {\n                        throw new Error(createMissingStepDefinitionMessage(context, pickleStep, context.registry.parameterTypeRegistry));\n                    }\n                    else {\n                        throw e;\n                    }\n                }\n            });\n        })\n            .then(({ start, result }) => {\n            var _a, _b, _c;\n            const end = (0, messages_1.createTimestamp)();\n            if (result === \"pending\" || result === \"skipped\") {\n                if (result === \"pending\") {\n                    taskTestStepFinished(context, {\n                        testStepId,\n                        testCaseStartedId,\n                        testStepResult: {\n                            status: messages.TestStepResultStatus.PENDING,\n                            duration: (0, messages_1.duration)(start, end),\n                        },\n                        timestamp: end,\n                    });\n                }\n                else {\n                    taskTestStepFinished(context, {\n                        testStepId,\n                        testCaseStartedId,\n                        testStepResult: {\n                            status: messages.TestStepResultStatus.SKIPPED,\n                            duration: (0, messages_1.duration)(start, end),\n                        },\n                        timestamp: end,\n                    });\n                }\n                remainingSteps.shift();\n                for (const skippedStep of remainingSteps) {\n                    const hookIdOrPickleStepId = (0, assertions_1.assertAndReturn)((_b = (_a = skippedStep.hook) === null || _a === void 0 ? void 0 : _a.id) !== null && _b !== void 0 ? _b : (_c = skippedStep.pickleStep) === null || _c === void 0 ? void 0 : _c.id, \"Expected a step to either be a hook or a pickleStep\");\n                    const testStepId = getTestStepId({\n                        context,\n                        pickleId: pickle.id,\n                        hookIdOrPickleStepId,\n                    });\n                    taskTestStepStarted(context, {\n                        testStepId,\n                        testCaseStartedId,\n                        timestamp: (0, messages_1.createTimestamp)(),\n                    });\n                    taskTestStepFinished(context, {\n                        testStepId,\n                        testCaseStartedId,\n                        testStepResult: {\n                            status: messages.TestStepResultStatus.SKIPPED,\n                            duration: {\n                                seconds: 0,\n                                nanos: 0,\n                            },\n                        },\n                        timestamp: (0, messages_1.createTimestamp)(),\n                    });\n                }\n                for (let i = 0, count = remainingSteps.length; i < count; i++) {\n                    remainingSteps.pop();\n                }\n                cy.then(() => this.skip());\n            }\n            else {\n                taskTestStepFinished(context, {\n                    testStepId,\n                    testCaseStartedId,\n                    testStepResult: {\n                        status: messages.TestStepResultStatus.PASSED,\n                        duration: (0, messages_1.duration)(start, end),\n                    },\n                    timestamp: end,\n                });\n                remainingSteps.shift();\n            }\n        });\n    }\n}",
              "err": {},
              "uuid": "3af9745b-444e-4a78-8854-19623567de4a",
              "parentUUID": "1baf785e-f6ba-4255-bbf1-d76ad5901073",
              "isHook": false,
              "skipped": false
            }
          ],
          "suites": [],
          "passes": [
            "7836ac90-4632-48bd-a8cc-855a72956f8c",
            "44d9567f-659b-46b7-b3a5-cae5e8802879",
            "1345422f-076a-4ec9-aab0-130ecb155067",
            "3e6af3b4-d10a-448f-96c5-42dec0e6b717",
            "c9361cd6-7d25-4539-b065-b1e0baf6d09c",
            "f0a4de6b-3fcc-40d5-9907-f5a8c3f94c7c",
            "47dd075a-b4fe-41e7-9904-d47e12d058af",
            "623fbca5-d902-4b5c-941f-aaaa752648c2",
            "c5e5676c-ce7b-48e4-bcb4-0cec2a86e11c",
            "c5a08ef4-d934-4769-94e1-b6b35e110557",
            "c2014c10-baba-4f07-be0e-39be0695e0bd",
            "81b908b8-2cc1-476d-b74a-b15e42824780",
            "3af9745b-444e-4a78-8854-19623567de4a"
          ],
          "failures": [],
          "pending": [],
          "skipped": [],
          "duration": 1413,
          "root": false,
          "rootEmpty": false,
          "_timeout": 2000
        }
      ],
      "passes": [],
      "failures": [],
      "pending": [],
      "skipped": [],
      "duration": 0,
      "root": true,
      "rootEmpty": true,
      "_timeout": 2000
    }
  ],
  "meta": {
    "mocha": {
      "version": "7.0.1"
    },
    "mochawesome": {
      "options": {
        "quiet": false,
        "reportFilename": "mochawesome",
        "saveHtml": false,
        "saveJson": true,
        "consoleReporter": "spec",
        "useInlineDiffs": false,
        "code": true
      },
      "version": "7.1.3"
    },
    "marge": {
      "options": {
        "reportDir": "cypress/tests/results",
        "overwrite": false,
        "html": false,
        "json": true
      },
      "version": "6.2.0"
    }
  }
}